<?xml version="1.0" encoding="UTF-8"?>
<testng-results ignored="0" total="7" passed="7" failed="0" skipped="0">
  <reporter-output>
  </reporter-output>
  <suite started-at="2024-05-14T14:18:36 IST" name="Default suite" finished-at="2024-05-14T14:18:37 IST" duration-ms="814">
    <groups>
      <group name="cucumber">
        <method signature="AbstractTestNGCucumberTests.runScenario(io.cucumber.testng.PickleWrapper,io.cucumber.testng.FeatureWrapper)[pri:0, instance:cucumberOptions.PracticeRunner1@7b36aa0c]" name="runScenario" class="io.cucumber.testng.AbstractTestNGCucumberTests"/>
      </group> <!-- cucumber -->
    </groups>
    <test started-at="2024-05-14T14:18:36 IST" name="Default test" finished-at="2024-05-14T14:18:37 IST" duration-ms="814">
      <class name="cucumberOptions.PracticeRunner1">
        <test-method is-config="true" signature="setUpClass(org.testng.ITestContext)[pri:0, instance:cucumberOptions.PracticeRunner1@7b36aa0c]" started-at="2024-05-14T14:18:36 IST" name="setUpClass" finished-at="2024-05-14T14:18:37 IST" duration-ms="520" status="PASS">
          <params>
            <param index="0">
              <value>
                <![CDATA[org.testng.TestRunner@61f2c3f0]]>
              </value>
            </param>
          </params>
          <reporter-output>
          </reporter-output>
        </test-method> <!-- setUpClass -->
        <test-method signature="runScenario(io.cucumber.testng.PickleWrapper,io.cucumber.testng.FeatureWrapper)[pri:0, instance:cucumberOptions.PracticeRunner1@7b36aa0c]" started-at="2024-05-14T14:18:37 IST" name="runScenario" description="Runs Cucumber Scenarios" data-provider="scenarios" finished-at="2024-05-14T14:18:37 IST" duration-ms="74" status="PASS">
          <params>
            <param index="0">
              <value>
                <![CDATA["Login user with correct username and password"]]>
              </value>
            </param>
            <param index="1">
              <value>
                <![CDATA["Automation Exercise login funtionality"]]>
              </value>
            </param>
          </params>
          <reporter-output>
          </reporter-output>
        </test-method> <!-- runScenario -->
        <test-method signature="runScenario(io.cucumber.testng.PickleWrapper,io.cucumber.testng.FeatureWrapper)[pri:0, instance:cucumberOptions.PracticeRunner1@7b36aa0c]" started-at="2024-05-14T14:18:37 IST" name="runScenario" description="Runs Cucumber Scenarios" data-provider="scenarios" finished-at="2024-05-14T14:18:37 IST" duration-ms="19" status="PASS">
          <params>
            <param index="0">
              <value>
                <![CDATA["Login user with correct username and password"]]>
              </value>
            </param>
            <param index="1">
              <value>
                <![CDATA["Automation Exercise login funtionality"]]>
              </value>
            </param>
          </params>
          <reporter-output>
          </reporter-output>
        </test-method> <!-- runScenario -->
        <test-method signature="runScenario(io.cucumber.testng.PickleWrapper,io.cucumber.testng.FeatureWrapper)[pri:0, instance:cucumberOptions.PracticeRunner1@7b36aa0c]" started-at="2024-05-14T14:18:37 IST" name="runScenario" description="Runs Cucumber Scenarios" data-provider="scenarios" finished-at="2024-05-14T14:18:37 IST" duration-ms="11" status="PASS">
          <params>
            <param index="0">
              <value>
                <![CDATA["Login user with correct username and password"]]>
              </value>
            </param>
            <param index="1">
              <value>
                <![CDATA["Automation Exercise login funtionality"]]>
              </value>
            </param>
          </params>
          <reporter-output>
          </reporter-output>
        </test-method> <!-- runScenario -->
        <test-method signature="runScenario(io.cucumber.testng.PickleWrapper,io.cucumber.testng.FeatureWrapper)[pri:0, instance:cucumberOptions.PracticeRunner1@7b36aa0c]" started-at="2024-05-14T14:18:37 IST" name="runScenario" description="Runs Cucumber Scenarios" data-provider="scenarios" finished-at="2024-05-14T14:18:37 IST" duration-ms="22" status="PASS">
          <params>
            <param index="0">
              <value>
                <![CDATA["Signup new user in the e-commerce website"]]>
              </value>
            </param>
            <param index="1">
              <value>
                <![CDATA["Automation Exercise login funtionality"]]>
              </value>
            </param>
          </params>
          <reporter-output>
          </reporter-output>
        </test-method> <!-- runScenario -->
        <test-method signature="runScenario(io.cucumber.testng.PickleWrapper,io.cucumber.testng.FeatureWrapper)[pri:0, instance:cucumberOptions.PracticeRunner1@7b36aa0c]" started-at="2024-05-14T14:18:37 IST" name="runScenario" description="Runs Cucumber Scenarios" data-provider="scenarios" finished-at="2024-05-14T14:18:37 IST" duration-ms="34" status="PASS">
          <params>
            <param index="0">
              <value>
                <![CDATA["Signup new user in the e-commerce website"]]>
              </value>
            </param>
            <param index="1">
              <value>
                <![CDATA["Automation Exercise login funtionality"]]>
              </value>
            </param>
          </params>
          <reporter-output>
          </reporter-output>
        </test-method> <!-- runScenario -->
        <test-method signature="runScenario(io.cucumber.testng.PickleWrapper,io.cucumber.testng.FeatureWrapper)[pri:0, instance:cucumberOptions.PracticeRunner1@7b36aa0c]" started-at="2024-05-14T14:18:37 IST" name="runScenario" description="Runs Cucumber Scenarios" data-provider="scenarios" finished-at="2024-05-14T14:18:37 IST" duration-ms="8" status="PASS">
          <params>
            <param index="0">
              <value>
                <![CDATA["Login user with correct username and password"]]>
              </value>
            </param>
            <param index="1">
              <value>
                <![CDATA["Automation Exercise login funtionality"]]>
              </value>
            </param>
          </params>
          <reporter-output>
          </reporter-output>
        </test-method> <!-- runScenario -->
        <test-method signature="runScenario(io.cucumber.testng.PickleWrapper,io.cucumber.testng.FeatureWrapper)[pri:0, instance:cucumberOptions.PracticeRunner1@7b36aa0c]" started-at="2024-05-14T14:18:37 IST" name="runScenario" description="Runs Cucumber Scenarios" data-provider="scenarios" finished-at="2024-05-14T14:18:37 IST" duration-ms="8" status="PASS">
          <params>
            <param index="0">
              <value>
                <![CDATA["Signup new user in the e-commerce website"]]>
              </value>
            </param>
            <param index="1">
              <value>
                <![CDATA["Automation Exercise login funtionality"]]>
              </value>
            </param>
          </params>
          <reporter-output>
          </reporter-output>
        </test-method> <!-- runScenario -->
        <test-method is-config="true" signature="tearDownClass()[pri:0, instance:cucumberOptions.PracticeRunner1@7b36aa0c]" started-at="2024-05-14T14:18:37 IST" name="tearDownClass" finished-at="2024-05-14T14:18:37 IST" duration-ms="65" status="PASS">
          <reporter-output>
          </reporter-output>
        </test-method> <!-- tearDownClass -->
      </class> <!-- cucumberOptions.PracticeRunner1 -->
    </test> <!-- Default test -->
  </suite> <!-- Default suite -->
</testng-results>
